<?xml version="1.0" encoding="UTF-8"?>
<!-- Generated by org.testng.reporters.JUnitReportReporter -->
<testsuite skipped="0" hostname="VIGYAN-L-PC11" name="ankita_hrm.FirstMavenScript" tests="1" failures="0" timestamp="05 Nov 2019 07:46:38 GMT" time="57.904" errors="0">
  <testcase name="setUP" time="57.904" classname="ankita_hrm.FirstMavenScript"/>
</testsuite> <!-- ankita_hrm.FirstMavenScript -->
